POST /login 400 11 - 21.983 ms
POST /login - - - - ms
POST /login - - - - ms
POST /login 200 284 - 194.629 ms
GET /doctors?email=undefined 404 9 - 3.504 ms
GET /doctors?email=undefined 404 9 - 1.597 ms
GET /doctors?email=undefined 404 9 - 1.125 ms
GET /doctors?email=undefined 404 9 - 1.605 ms
GET /doctors?email=undefined 404 9 - 1.432 ms
GET /doctors?email=undefined 404 9 - 1.014 ms
GET /doctors?email=undefined 404 9 - 0.902 ms
GET /doctor/641ff2b6913da840be387a06/getschedule 403 9 - 2.313 ms
GET /doctors?email=undefined 404 9 - 11.196 ms
GET /doctors?email=undefined 404 9 - 1.990 ms
GET /doctors?email=undefined 404 9 - 1.166 ms
GET /doctor/641ff2b6913da840be387a06/getschedule 200 256 - 470.064 ms
GET /doctor/641ff2b6913da840be387a06/getschedule 304 - - 46.685 ms
GET /doctors?email=undefined 404 9 - 1.783 ms
GET /doctor/641ff2b6913da840be387a06/getschedule 304 - - 47.684 ms
GET /doctor/641ff2b6913da840be387a06/getschedule 304 - - 47.972 ms
GET /doctors?email=undefined 404 9 - 0.904 ms
GET /doctor/641ff2b6913da840be387a06/getschedule 304 - - 49.879 ms
GET /doctors?email=undefined 404 9 - 1.004 ms
GET /doctor/641ff2b6913da840be387a06/getschedule 304 - - 1336.747 ms
GET /doctors?email=undefined 404 9 - 0.798 ms
GET /doctor/641ff2b6913da840be387a06/getschedule 304 - - 123.158 ms
GET /doctor/641ff2b6913da840be387a06/getschedule 304 - - 48.129 ms
GET /doctors?email=undefined 404 9 - 0.723 ms
GET /doctor/641ff2b6913da840be387a06/getschedule 304 - - 60.003 ms
GET /doctor/641ff2b6913da840be387a06/getschedule 304 - - 47.755 ms
GET /doctors?email=undefined 404 9 - 1.636 ms
GET /doctors?email=undefined 404 9 - 0.465 ms
GET /doctor/641ff2b6913da840be387a06/getschedule 304 - - 54.933 ms
GET /doctor/641ff2b6913da840be387a06/getschedule 304 - - 57.385 ms
GET /doctors?email=undefined 404 9 - 2.131 ms
GET /doctor/641ff2b6913da840be387a06/getschedule 304 - - 38.525 ms
POST /doctor/641ff2b6913da840be387a06/getschedule 404 9 - 38.903 ms
GET /doctor/641ff2b6913da840be387a06/getschedule 304 - - 224.531 ms
GET /doctors?email=undefined 404 9 - 0.662 ms
GET /doctor/641ff2b6913da840be387a06/getschedule 304 - - 160.738 ms
GET /doctors?email=undefined 404 9 - 8.747 ms
GET /doctor/641ff2b6913da840be387a06/getschedule 304 - - 63.033 ms
GET /doctor/641ff2b6913da840be387a06/getschedule 304 - - 34.073 ms
GET /doctors?email=undefined 404 9 - 0.996 ms
GET /doctor/641ff2b6913da840be387a06/getschedule 304 - - 42.605 ms
GET /doctors?email=undefined 404 9 - 15.001 ms
GET /doctor/641ff2b6913da840be387a06/getschedule 304 - - 142.336 ms
GET /doctors?email=undefined 404 9 - 11.547 ms
GET /doctor/641ff2b6913da840be387a06/getschedule 304 - - 62.840 ms
POST /doctor/641ff2b6913da840be387a06/updateschedule 200 2 - 142.406 ms
GET /doctor/641ff2b6913da840be387a06/getschedule 200 257 - 209.917 ms
GET /doctors?email=undefined 404 9 - 6.061 ms
GET /doctor/641ff2b6913da840be387a06/getschedule 304 - - 60.198 ms
POST /doctor/641ff2b6913da840be387a06/updateschedule 200 2 - 214.488 ms
GET /doctors?email=undefined 404 9 - 1.450 ms
GET /doctor/641ff2b6913da840be387a06/getschedule 304 - - 42.198 ms
POST /doctor/641ff2b6913da840be387a06/updateschedule 200 2 - 90.216 ms
GET /doctors?email=undefined 404 9 - 1.442 ms
GET /doctor/641ff2b6913da840be387a06/getschedule 304 - - 152.784 ms
POST /doctor/641ff2b6913da840be387a06/updateschedule 200 2 - 182.182 ms
POST /doctor/641ff2b6913da840be387a06/updateschedule 200 2 - 94.662 ms
POST /doctor/641ff2b6913da840be387a06/updateschedule 200 2 - 93.861 ms
POST /doctor/641ff2b6913da840be387a06/updateschedule 200 2 - 90.505 ms
GET /doctors?email=undefined 404 9 - 0.845 ms
GET /doctor/641ff2b6913da840be387a06/getschedule 200 83 - 43.147 ms
GET /doctors?email=undefined 404 9 - 2.050 ms
GET /doctor/641ff2b6913da840be387a06/getschedule 304 - - 43.396 ms
POST /login 200 284 - 316.320 ms
GET /doctors?email=undefined 404 9 - 0.935 ms
GET /doctor/641ff2b6913da840be387a06/getschedule 304 - - 56.763 ms
GET /doctor/641ff2b6913da840be387a06/getschedule 304 - - 59.653 ms
GET /doctors?email=undefined 404 9 - 0.775 ms
GET /doctor/641ff2b6913da840be387a06/getschedule 304 - - 58.777 ms
GET /doctor/641ff2b6913da840be387a06/getschedule 304 - - 47.196 ms
GET /doctors?email=undefined 404 9 - 1.251 ms
GET /doctor/641ff2b6913da840be387a06/getschedule 304 - - 44.969 ms
GET /doctors?email=undefined 404 9 - 1.093 ms
GET /doctor/641ff2b6913da840be387a06/getschedule 304 - - 257.055 ms
GET /doctors?email=undefined 404 9 - 12.669 ms
GET /doctor/641ff2b6913da840be387a06/getschedule 304 - - 90.173 ms
GET /doctors?email=undefined 404 9 - 10.051 ms
GET /doctor/641ff2b6913da840be387a06/getschedule 304 - - 79.364 ms
POST /doctor/641ff2b6913da840be387a06/updateschedule 200 2 - 591.324 ms
GET /doctors?email=undefined 404 9 - 0.898 ms
POST /login 200 284 - 131.771 ms
GET /doctors?email=undefined 404 9 - 0.611 ms
GET /doctor/64201532212314b415259800/getschedule 200 256 - 39.776 ms
POST /doctor/64201532212314b415259800/updateschedule 200 2 - 162.796 ms
POST /doctor/64201532212314b415259800/updateschedule 200 2 - 83.828 ms
GET /doctor/64201532212314b415259800/getschedule 200 258 - 104.169 ms
POST /doctor/64201532212314b415259800/updateschedule 200 2 - 93.715 ms
POST /doctor/64201532212314b415259800/updateschedule 200 2 - 107.402 ms
POST /doctor/64201532212314b415259800/updateschedule 200 2 - 97.419 ms
POST /doctor/64201532212314b415259800/updateschedule 200 2 - 111.196 ms
POST /doctor/64201532212314b415259800/updateschedule 200 2 - 86.316 ms
GET /doctor/64201532212314b415259800/getschedule 200 257 - 41.695 ms
GET /doctors?email=undefined 404 9 - 0.349 ms
POST /login 401 35 - 121.602 ms
POST /login 200 284 - 142.310 ms
GET /doctors?email=undefined 404 9 - 0.427 ms
GET /doctor/64201532212314b415259800/getinfo 200 611 - 57.143 ms
GET /doctor/64201532212314b415259800/getschedule 304 - - 314.130 ms
POST /doctor/64201532212314b415259800/updateschedule 200 2 - 310.674 ms
POST /doctor/64201532212314b415259800/updateschedule 200 2 - 339.115 ms
POST /doctor/64201532212314b415259800/updateschedule 200 2 - 530.594 ms
POST /doctor/64201532212314b415259800/updateschedule 200 2 - 1259.031 ms
POST /doctor/64201532212314b415259800/updateschedule 200 2 - 1920.182 ms
POST /doctor/64201532212314b415259800/updateschedule 200 2 - 1057.167 ms
GET /doctor/64201532212314b415259800/getinfo 304 - - 34.147 ms
POST /doctor/64201532212314b415259800/update 200 34 - 50.461 ms
POST /doctor/64201532212314b415259800/update 200 34 - 52.558 ms
POST /doctor/64201532212314b415259800/update 200 34 - 49.256 ms
POST /doctor/64201532212314b415259800/update 200 34 - 128.049 ms
GET /doctor/64201532212314b415259800/getschedule 304 - - 99.201 ms
GET /doctor/64201532212314b415259800/getinfo 200 617 - 53.232 ms
POST /doctor/64201532212314b415259800/updatedp 200 29 - 67.689 ms
GET /register/number/1234567890 201 17 - 78.256 ms
GET /register/number/12345678908 201 20 - 59.201 ms
POST /login 401 35 - 355.020 ms
POST /login 401 35 - 163.211 ms
POST /login 401 35 - 132.142 ms
GET /register/number/8999964729 201 20 - 106.184 ms
GET /register/email/aalhadakate1@gmail.com 201 20 - 349.776 ms
POST /register/signP 201 15 - 380.286 ms
POST /login 401 35 - 142.286 ms
POST /login 401 35 - 164.742 ms
POST /login 401 35 - 157.104 ms
GET /register/number/3333333333 201 20 - 257.795 ms
GET /register/email/3333333333@3333333333.333 201 20 - 192.960 ms
POST /register/signP 201 15 - 580.184 ms
POST /login 200 286 - 606.222 ms
GET /patient/64201f2d0bff700a0ac01c0d/getinfo 200 335 - 34.379 ms
GET /patient/64201f2d0bff700a0ac01c0d/getinfo 304 - - 59.611 ms
GET /patient/64201f2d0bff700a0ac01c0d/getdoctors 404 9 - 10.646 ms
